[23-Nov-2023 05:04:45 UTC] PHP Warning:  Attempt to read property "title" on null in C:\Users\Ani\Local Sites\customtheme2\app\public\wp-includes\class-wp-customize-widgets.php on line 905
[24-Nov-2023 13:15:29 UTC] PHP Fatal error:  Uncaught TypeError: call_user_func_array(): Argument #1 ($callback) must be a valid callback, function "theme_customize-register" not found or invalid function name in C:\Users\Ani\Local Sites\customtheme2\app\public\wp-includes\class-wp-hook.php:324
Stack trace:
#0 C:\Users\Ani\Local Sites\customtheme2\app\public\wp-includes\class-wp-hook.php(348): WP_Hook->apply_filters(NULL, Array)
#1 C:\Users\Ani\Local Sites\customtheme2\app\public\wp-includes\plugin.php(517): WP_Hook->do_action(Array)
#2 C:\Users\Ani\Local Sites\customtheme2\app\public\wp-includes\class-wp-customize-manager.php(942): do_action('customize_regis...', Object(WP_Customize_Manager))
#3 C:\Users\Ani\Local Sites\customtheme2\app\public\wp-includes\class-wp-hook.php(324): WP_Customize_Manager->wp_loaded('')
#4 C:\Users\Ani\Local Sites\customtheme2\app\public\wp-includes\class-wp-hook.php(348): WP_Hook->apply_filters(NULL, Array)
#5 C:\Users\Ani\Local Sites\customtheme2\app\public\wp-includes\plugin.php(517): WP_Hook->do_action(Array)
#6 C:\Users\Ani\Local Sites\customtheme2\app\public\wp-settings.php(665): do_action('wp_loaded')
#7 C:\Users\Ani\Local Sites\customtheme2\app\public\wp-config.php(103): require_once('C:\\Users\\Ani\\Lo...')
#8 C:\Users\Ani\Local Sites\customtheme2\app\public\wp-load.php(50): require_once('C:\\Users\\Ani\\Lo...')
#9 C:\Users\Ani\Local Sites\customtheme2\app\public\wp-admin\admin.php(34): require_once('C:\\Users\\Ani\\Lo...')
#10 C:\Users\Ani\Local Sites\customtheme2\app\public\wp-admin\customize.php(13): require_once('C:\\Users\\Ani\\Lo...')
#11 {main}
  thrown in C:\Users\Ani\Local Sites\customtheme2\app\public\wp-includes\class-wp-hook.php on line 324
[24-Nov-2023 13:16:43 UTC] PHP Fatal error:  Uncaught TypeError: call_user_func_array(): Argument #1 ($callback) must be a valid callback, function "theme_customize-register" not found or invalid function name in C:\Users\Ani\Local Sites\customtheme2\app\public\wp-includes\class-wp-hook.php:324
Stack trace:
#0 C:\Users\Ani\Local Sites\customtheme2\app\public\wp-includes\class-wp-hook.php(348): WP_Hook->apply_filters(NULL, Array)
#1 C:\Users\Ani\Local Sites\customtheme2\app\public\wp-includes\plugin.php(517): WP_Hook->do_action(Array)
#2 C:\Users\Ani\Local Sites\customtheme2\app\public\wp-includes\class-wp-customize-manager.php(942): do_action('customize_regis...', Object(WP_Customize_Manager))
#3 C:\Users\Ani\Local Sites\customtheme2\app\public\wp-includes\class-wp-hook.php(324): WP_Customize_Manager->wp_loaded('')
#4 C:\Users\Ani\Local Sites\customtheme2\app\public\wp-includes\class-wp-hook.php(348): WP_Hook->apply_filters(NULL, Array)
#5 C:\Users\Ani\Local Sites\customtheme2\app\public\wp-includes\plugin.php(517): WP_Hook->do_action(Array)
#6 C:\Users\Ani\Local Sites\customtheme2\app\public\wp-settings.php(665): do_action('wp_loaded')
#7 C:\Users\Ani\Local Sites\customtheme2\app\public\wp-config.php(103): require_once('C:\\Users\\Ani\\Lo...')
#8 C:\Users\Ani\Local Sites\customtheme2\app\public\wp-load.php(50): require_once('C:\\Users\\Ani\\Lo...')
#9 C:\Users\Ani\Local Sites\customtheme2\app\public\wp-admin\admin.php(34): require_once('C:\\Users\\Ani\\Lo...')
#10 C:\Users\Ani\Local Sites\customtheme2\app\public\wp-admin\customize.php(13): require_once('C:\\Users\\Ani\\Lo...')
#11 {main}
  thrown in C:\Users\Ani\Local Sites\customtheme2\app\public\wp-includes\class-wp-hook.php on line 324
[24-Nov-2023 13:18:54 UTC] PHP Fatal error:  Uncaught TypeError: call_user_func_array(): Argument #1 ($callback) must be a valid callback, function "theme_customize-register" not found or invalid function name in C:\Users\Ani\Local Sites\customtheme2\app\public\wp-includes\class-wp-hook.php:324
Stack trace:
#0 C:\Users\Ani\Local Sites\customtheme2\app\public\wp-includes\class-wp-hook.php(348): WP_Hook->apply_filters(NULL, Array)
#1 C:\Users\Ani\Local Sites\customtheme2\app\public\wp-includes\plugin.php(517): WP_Hook->do_action(Array)
#2 C:\Users\Ani\Local Sites\customtheme2\app\public\wp-includes\class-wp-customize-manager.php(942): do_action('customize_regis...', Object(WP_Customize_Manager))
#3 C:\Users\Ani\Local Sites\customtheme2\app\public\wp-includes\class-wp-hook.php(324): WP_Customize_Manager->wp_loaded('')
#4 C:\Users\Ani\Local Sites\customtheme2\app\public\wp-includes\class-wp-hook.php(348): WP_Hook->apply_filters(NULL, Array)
#5 C:\Users\Ani\Local Sites\customtheme2\app\public\wp-includes\plugin.php(517): WP_Hook->do_action(Array)
#6 C:\Users\Ani\Local Sites\customtheme2\app\public\wp-settings.php(665): do_action('wp_loaded')
#7 C:\Users\Ani\Local Sites\customtheme2\app\public\wp-config.php(103): require_once('C:\\Users\\Ani\\Lo...')
#8 C:\Users\Ani\Local Sites\customtheme2\app\public\wp-load.php(50): require_once('C:\\Users\\Ani\\Lo...')
#9 C:\Users\Ani\Local Sites\customtheme2\app\public\wp-admin\admin.php(34): require_once('C:\\Users\\Ani\\Lo...')
#10 C:\Users\Ani\Local Sites\customtheme2\app\public\wp-admin\customize.php(13): require_once('C:\\Users\\Ani\\Lo...')
#11 {main}
  thrown in C:\Users\Ani\Local Sites\customtheme2\app\public\wp-includes\class-wp-hook.php on line 324
[24-Nov-2023 13:19:44 UTC] PHP Fatal error:  Uncaught TypeError: call_user_func_array(): Argument #1 ($callback) must be a valid callback, function "theme_customize-register" not found or invalid function name in C:\Users\Ani\Local Sites\customtheme2\app\public\wp-includes\class-wp-hook.php:324
Stack trace:
#0 C:\Users\Ani\Local Sites\customtheme2\app\public\wp-includes\class-wp-hook.php(348): WP_Hook->apply_filters(NULL, Array)
#1 C:\Users\Ani\Local Sites\customtheme2\app\public\wp-includes\plugin.php(517): WP_Hook->do_action(Array)
#2 C:\Users\Ani\Local Sites\customtheme2\app\public\wp-includes\class-wp-customize-manager.php(942): do_action('customize_regis...', Object(WP_Customize_Manager))
#3 C:\Users\Ani\Local Sites\customtheme2\app\public\wp-includes\class-wp-hook.php(324): WP_Customize_Manager->wp_loaded('')
#4 C:\Users\Ani\Local Sites\customtheme2\app\public\wp-includes\class-wp-hook.php(348): WP_Hook->apply_filters(NULL, Array)
#5 C:\Users\Ani\Local Sites\customtheme2\app\public\wp-includes\plugin.php(517): WP_Hook->do_action(Array)
#6 C:\Users\Ani\Local Sites\customtheme2\app\public\wp-settings.php(665): do_action('wp_loaded')
#7 C:\Users\Ani\Local Sites\customtheme2\app\public\wp-config.php(103): require_once('C:\\Users\\Ani\\Lo...')
#8 C:\Users\Ani\Local Sites\customtheme2\app\public\wp-load.php(50): require_once('C:\\Users\\Ani\\Lo...')
#9 C:\Users\Ani\Local Sites\customtheme2\app\public\wp-admin\admin.php(34): require_once('C:\\Users\\Ani\\Lo...')
#10 C:\Users\Ani\Local Sites\customtheme2\app\public\wp-admin\customize.php(13): require_once('C:\\Users\\Ani\\Lo...')
#11 {main}
  thrown in C:\Users\Ani\Local Sites\customtheme2\app\public\wp-includes\class-wp-hook.php on line 324
[24-Nov-2023 13:19:52 UTC] PHP Fatal error:  Uncaught TypeError: call_user_func_array(): Argument #1 ($callback) must be a valid callback, function "theme_customize-register" not found or invalid function name in C:\Users\Ani\Local Sites\customtheme2\app\public\wp-includes\class-wp-hook.php:324
Stack trace:
#0 C:\Users\Ani\Local Sites\customtheme2\app\public\wp-includes\class-wp-hook.php(348): WP_Hook->apply_filters(NULL, Array)
#1 C:\Users\Ani\Local Sites\customtheme2\app\public\wp-includes\plugin.php(517): WP_Hook->do_action(Array)
#2 C:\Users\Ani\Local Sites\customtheme2\app\public\wp-includes\class-wp-customize-manager.php(942): do_action('customize_regis...', Object(WP_Customize_Manager))
#3 C:\Users\Ani\Local Sites\customtheme2\app\public\wp-includes\class-wp-hook.php(324): WP_Customize_Manager->wp_loaded('')
#4 C:\Users\Ani\Local Sites\customtheme2\app\public\wp-includes\class-wp-hook.php(348): WP_Hook->apply_filters(NULL, Array)
#5 C:\Users\Ani\Local Sites\customtheme2\app\public\wp-includes\plugin.php(517): WP_Hook->do_action(Array)
#6 C:\Users\Ani\Local Sites\customtheme2\app\public\wp-settings.php(665): do_action('wp_loaded')
#7 C:\Users\Ani\Local Sites\customtheme2\app\public\wp-config.php(103): require_once('C:\\Users\\Ani\\Lo...')
#8 C:\Users\Ani\Local Sites\customtheme2\app\public\wp-load.php(50): require_once('C:\\Users\\Ani\\Lo...')
#9 C:\Users\Ani\Local Sites\customtheme2\app\public\wp-admin\admin.php(34): require_once('C:\\Users\\Ani\\Lo...')
#10 C:\Users\Ani\Local Sites\customtheme2\app\public\wp-admin\customize.php(13): require_once('C:\\Users\\Ani\\Lo...')
#11 {main}
  thrown in C:\Users\Ani\Local Sites\customtheme2\app\public\wp-includes\class-wp-hook.php on line 324
[24-Nov-2023 13:20:29 UTC] PHP Fatal error:  Uncaught TypeError: call_user_func_array(): Argument #1 ($callback) must be a valid callback, function "theme_customize-register" not found or invalid function name in C:\Users\Ani\Local Sites\customtheme2\app\public\wp-includes\class-wp-hook.php:324
Stack trace:
#0 C:\Users\Ani\Local Sites\customtheme2\app\public\wp-includes\class-wp-hook.php(348): WP_Hook->apply_filters(NULL, Array)
#1 C:\Users\Ani\Local Sites\customtheme2\app\public\wp-includes\plugin.php(517): WP_Hook->do_action(Array)
#2 C:\Users\Ani\Local Sites\customtheme2\app\public\wp-includes\class-wp-customize-manager.php(942): do_action('customize_regis...', Object(WP_Customize_Manager))
#3 C:\Users\Ani\Local Sites\customtheme2\app\public\wp-includes\class-wp-hook.php(324): WP_Customize_Manager->wp_loaded('')
#4 C:\Users\Ani\Local Sites\customtheme2\app\public\wp-includes\class-wp-hook.php(348): WP_Hook->apply_filters(NULL, Array)
#5 C:\Users\Ani\Local Sites\customtheme2\app\public\wp-includes\plugin.php(517): WP_Hook->do_action(Array)
#6 C:\Users\Ani\Local Sites\customtheme2\app\public\wp-settings.php(665): do_action('wp_loaded')
#7 C:\Users\Ani\Local Sites\customtheme2\app\public\wp-config.php(103): require_once('C:\\Users\\Ani\\Lo...')
#8 C:\Users\Ani\Local Sites\customtheme2\app\public\wp-load.php(50): require_once('C:\\Users\\Ani\\Lo...')
#9 C:\Users\Ani\Local Sites\customtheme2\app\public\wp-admin\admin.php(34): require_once('C:\\Users\\Ani\\Lo...')
#10 C:\Users\Ani\Local Sites\customtheme2\app\public\wp-admin\customize.php(13): require_once('C:\\Users\\Ani\\Lo...')
#11 {main}
  thrown in C:\Users\Ani\Local Sites\customtheme2\app\public\wp-includes\class-wp-hook.php on line 324
[24-Nov-2023 13:20:29 UTC] PHP Fatal error:  Uncaught TypeError: call_user_func_array(): Argument #1 ($callback) must be a valid callback, function "theme_customize-register" not found or invalid function name in C:\Users\Ani\Local Sites\customtheme2\app\public\wp-includes\class-wp-hook.php:324
Stack trace:
#0 C:\Users\Ani\Local Sites\customtheme2\app\public\wp-includes\class-wp-hook.php(348): WP_Hook->apply_filters(NULL, Array)
#1 C:\Users\Ani\Local Sites\customtheme2\app\public\wp-includes\plugin.php(517): WP_Hook->do_action(Array)
#2 C:\Users\Ani\Local Sites\customtheme2\app\public\wp-includes\class-wp-customize-manager.php(942): do_action('customize_regis...', Object(WP_Customize_Manager))
#3 C:\Users\Ani\Local Sites\customtheme2\app\public\wp-includes\class-wp-hook.php(324): WP_Customize_Manager->wp_loaded('')
#4 C:\Users\Ani\Local Sites\customtheme2\app\public\wp-includes\class-wp-hook.php(348): WP_Hook->apply_filters(NULL, Array)
#5 C:\Users\Ani\Local Sites\customtheme2\app\public\wp-includes\plugin.php(517): WP_Hook->do_action(Array)
#6 C:\Users\Ani\Local Sites\customtheme2\app\public\wp-settings.php(665): do_action('wp_loaded')
#7 C:\Users\Ani\Local Sites\customtheme2\app\public\wp-config.php(103): require_once('C:\\Users\\Ani\\Lo...')
#8 C:\Users\Ani\Local Sites\customtheme2\app\public\wp-load.php(50): require_once('C:\\Users\\Ani\\Lo...')
#9 C:\Users\Ani\Local Sites\customtheme2\app\public\wp-admin\admin.php(34): require_once('C:\\Users\\Ani\\Lo...')
#10 C:\Users\Ani\Local Sites\customtheme2\app\public\wp-admin\customize.php(13): require_once('C:\\Users\\Ani\\Lo...')
#11 {main}
  thrown in C:\Users\Ani\Local Sites\customtheme2\app\public\wp-includes\class-wp-hook.php on line 324
[24-Nov-2023 13:20:35 UTC] PHP Fatal error:  Uncaught TypeError: call_user_func_array(): Argument #1 ($callback) must be a valid callback, function "theme_customize-register" not found or invalid function name in C:\Users\Ani\Local Sites\customtheme2\app\public\wp-includes\class-wp-hook.php:324
Stack trace:
#0 C:\Users\Ani\Local Sites\customtheme2\app\public\wp-includes\class-wp-hook.php(348): WP_Hook->apply_filters(NULL, Array)
#1 C:\Users\Ani\Local Sites\customtheme2\app\public\wp-includes\plugin.php(517): WP_Hook->do_action(Array)
#2 C:\Users\Ani\Local Sites\customtheme2\app\public\wp-includes\class-wp-customize-manager.php(942): do_action('customize_regis...', Object(WP_Customize_Manager))
#3 C:\Users\Ani\Local Sites\customtheme2\app\public\wp-includes\class-wp-hook.php(324): WP_Customize_Manager->wp_loaded('')
#4 C:\Users\Ani\Local Sites\customtheme2\app\public\wp-includes\class-wp-hook.php(348): WP_Hook->apply_filters(NULL, Array)
#5 C:\Users\Ani\Local Sites\customtheme2\app\public\wp-includes\plugin.php(517): WP_Hook->do_action(Array)
#6 C:\Users\Ani\Local Sites\customtheme2\app\public\wp-settings.php(665): do_action('wp_loaded')
#7 C:\Users\Ani\Local Sites\customtheme2\app\public\wp-config.php(103): require_once('C:\\Users\\Ani\\Lo...')
#8 C:\Users\Ani\Local Sites\customtheme2\app\public\wp-load.php(50): require_once('C:\\Users\\Ani\\Lo...')
#9 C:\Users\Ani\Local Sites\customtheme2\app\public\wp-admin\admin.php(34): require_once('C:\\Users\\Ani\\Lo...')
#10 C:\Users\Ani\Local Sites\customtheme2\app\public\wp-admin\customize.php(13): require_once('C:\\Users\\Ani\\Lo...')
#11 {main}
  thrown in C:\Users\Ani\Local Sites\customtheme2\app\public\wp-includes\class-wp-hook.php on line 324
[24-Nov-2023 13:20:45 UTC] PHP Fatal error:  Uncaught TypeError: call_user_func_array(): Argument #1 ($callback) must be a valid callback, function "theme_customize-register" not found or invalid function name in C:\Users\Ani\Local Sites\customtheme2\app\public\wp-includes\class-wp-hook.php:324
Stack trace:
#0 C:\Users\Ani\Local Sites\customtheme2\app\public\wp-includes\class-wp-hook.php(348): WP_Hook->apply_filters(NULL, Array)
#1 C:\Users\Ani\Local Sites\customtheme2\app\public\wp-includes\plugin.php(517): WP_Hook->do_action(Array)
#2 C:\Users\Ani\Local Sites\customtheme2\app\public\wp-includes\class-wp-customize-manager.php(942): do_action('customize_regis...', Object(WP_Customize_Manager))
#3 C:\Users\Ani\Local Sites\customtheme2\app\public\wp-includes\class-wp-hook.php(324): WP_Customize_Manager->wp_loaded('')
#4 C:\Users\Ani\Local Sites\customtheme2\app\public\wp-includes\class-wp-hook.php(348): WP_Hook->apply_filters(NULL, Array)
#5 C:\Users\Ani\Local Sites\customtheme2\app\public\wp-includes\plugin.php(517): WP_Hook->do_action(Array)
#6 C:\Users\Ani\Local Sites\customtheme2\app\public\wp-settings.php(665): do_action('wp_loaded')
#7 C:\Users\Ani\Local Sites\customtheme2\app\public\wp-config.php(103): require_once('C:\\Users\\Ani\\Lo...')
#8 C:\Users\Ani\Local Sites\customtheme2\app\public\wp-load.php(50): require_once('C:\\Users\\Ani\\Lo...')
#9 C:\Users\Ani\Local Sites\customtheme2\app\public\wp-admin\admin.php(34): require_once('C:\\Users\\Ani\\Lo...')
#10 C:\Users\Ani\Local Sites\customtheme2\app\public\wp-admin\customize.php(13): require_once('C:\\Users\\Ani\\Lo...')
#11 {main}
  thrown in C:\Users\Ani\Local Sites\customtheme2\app\public\wp-includes\class-wp-hook.php on line 324
[24-Nov-2023 13:21:08 UTC] PHP Fatal error:  Uncaught TypeError: call_user_func_array(): Argument #1 ($callback) must be a valid callback, function "theme_customize-register" not found or invalid function name in C:\Users\Ani\Local Sites\customtheme2\app\public\wp-includes\class-wp-hook.php:324
Stack trace:
#0 C:\Users\Ani\Local Sites\customtheme2\app\public\wp-includes\class-wp-hook.php(348): WP_Hook->apply_filters(NULL, Array)
#1 C:\Users\Ani\Local Sites\customtheme2\app\public\wp-includes\plugin.php(517): WP_Hook->do_action(Array)
#2 C:\Users\Ani\Local Sites\customtheme2\app\public\wp-includes\class-wp-customize-manager.php(942): do_action('customize_regis...', Object(WP_Customize_Manager))
#3 C:\Users\Ani\Local Sites\customtheme2\app\public\wp-includes\class-wp-hook.php(324): WP_Customize_Manager->wp_loaded('')
#4 C:\Users\Ani\Local Sites\customtheme2\app\public\wp-includes\class-wp-hook.php(348): WP_Hook->apply_filters(NULL, Array)
#5 C:\Users\Ani\Local Sites\customtheme2\app\public\wp-includes\plugin.php(517): WP_Hook->do_action(Array)
#6 C:\Users\Ani\Local Sites\customtheme2\app\public\wp-settings.php(665): do_action('wp_loaded')
#7 C:\Users\Ani\Local Sites\customtheme2\app\public\wp-config.php(103): require_once('C:\\Users\\Ani\\Lo...')
#8 C:\Users\Ani\Local Sites\customtheme2\app\public\wp-load.php(50): require_once('C:\\Users\\Ani\\Lo...')
#9 C:\Users\Ani\Local Sites\customtheme2\app\public\wp-admin\admin.php(34): require_once('C:\\Users\\Ani\\Lo...')
#10 C:\Users\Ani\Local Sites\customtheme2\app\public\wp-admin\customize.php(13): require_once('C:\\Users\\Ani\\Lo...')
#11 {main}
  thrown in C:\Users\Ani\Local Sites\customtheme2\app\public\wp-includes\class-wp-hook.php on line 324
[24-Nov-2023 13:21:13 UTC] PHP Fatal error:  Uncaught TypeError: call_user_func_array(): Argument #1 ($callback) must be a valid callback, function "theme_customize-register" not found or invalid function name in C:\Users\Ani\Local Sites\customtheme2\app\public\wp-includes\class-wp-hook.php:324
Stack trace:
#0 C:\Users\Ani\Local Sites\customtheme2\app\public\wp-includes\class-wp-hook.php(348): WP_Hook->apply_filters(NULL, Array)
#1 C:\Users\Ani\Local Sites\customtheme2\app\public\wp-includes\plugin.php(517): WP_Hook->do_action(Array)
#2 C:\Users\Ani\Local Sites\customtheme2\app\public\wp-includes\class-wp-customize-manager.php(942): do_action('customize_regis...', Object(WP_Customize_Manager))
#3 C:\Users\Ani\Local Sites\customtheme2\app\public\wp-includes\class-wp-hook.php(324): WP_Customize_Manager->wp_loaded('')
#4 C:\Users\Ani\Local Sites\customtheme2\app\public\wp-includes\class-wp-hook.php(348): WP_Hook->apply_filters(NULL, Array)
#5 C:\Users\Ani\Local Sites\customtheme2\app\public\wp-includes\plugin.php(517): WP_Hook->do_action(Array)
#6 C:\Users\Ani\Local Sites\customtheme2\app\public\wp-settings.php(665): do_action('wp_loaded')
#7 C:\Users\Ani\Local Sites\customtheme2\app\public\wp-config.php(103): require_once('C:\\Users\\Ani\\Lo...')
#8 C:\Users\Ani\Local Sites\customtheme2\app\public\wp-load.php(50): require_once('C:\\Users\\Ani\\Lo...')
#9 C:\Users\Ani\Local Sites\customtheme2\app\public\wp-admin\admin.php(34): require_once('C:\\Users\\Ani\\Lo...')
#10 C:\Users\Ani\Local Sites\customtheme2\app\public\wp-admin\customize.php(13): require_once('C:\\Users\\Ani\\Lo...')
#11 {main}
  thrown in C:\Users\Ani\Local Sites\customtheme2\app\public\wp-includes\class-wp-hook.php on line 324
[24-Nov-2023 13:22:31 UTC] PHP Fatal error:  Uncaught TypeError: call_user_func_array(): Argument #1 ($callback) must be a valid callback, function "theme_customize-register" not found or invalid function name in C:\Users\Ani\Local Sites\customtheme2\app\public\wp-includes\class-wp-hook.php:324
Stack trace:
#0 C:\Users\Ani\Local Sites\customtheme2\app\public\wp-includes\class-wp-hook.php(348): WP_Hook->apply_filters(NULL, Array)
#1 C:\Users\Ani\Local Sites\customtheme2\app\public\wp-includes\plugin.php(517): WP_Hook->do_action(Array)
#2 C:\Users\Ani\Local Sites\customtheme2\app\public\wp-includes\class-wp-customize-manager.php(942): do_action('customize_regis...', Object(WP_Customize_Manager))
#3 C:\Users\Ani\Local Sites\customtheme2\app\public\wp-includes\class-wp-hook.php(324): WP_Customize_Manager->wp_loaded('')
#4 C:\Users\Ani\Local Sites\customtheme2\app\public\wp-includes\class-wp-hook.php(348): WP_Hook->apply_filters(NULL, Array)
#5 C:\Users\Ani\Local Sites\customtheme2\app\public\wp-includes\plugin.php(517): WP_Hook->do_action(Array)
#6 C:\Users\Ani\Local Sites\customtheme2\app\public\wp-settings.php(665): do_action('wp_loaded')
#7 C:\Users\Ani\Local Sites\customtheme2\app\public\wp-config.php(103): require_once('C:\\Users\\Ani\\Lo...')
#8 C:\Users\Ani\Local Sites\customtheme2\app\public\wp-load.php(50): require_once('C:\\Users\\Ani\\Lo...')
#9 C:\Users\Ani\Local Sites\customtheme2\app\public\wp-admin\admin.php(34): require_once('C:\\Users\\Ani\\Lo...')
#10 C:\Users\Ani\Local Sites\customtheme2\app\public\wp-admin\customize.php(13): require_once('C:\\Users\\Ani\\Lo...')
#11 {main}
  thrown in C:\Users\Ani\Local Sites\customtheme2\app\public\wp-includes\class-wp-hook.php on line 324
[24-Nov-2023 13:22:50 UTC] PHP Fatal error:  Uncaught TypeError: call_user_func_array(): Argument #1 ($callback) must be a valid callback, function "theme_customize-register" not found or invalid function name in C:\Users\Ani\Local Sites\customtheme2\app\public\wp-includes\class-wp-hook.php:324
Stack trace:
#0 C:\Users\Ani\Local Sites\customtheme2\app\public\wp-includes\class-wp-hook.php(348): WP_Hook->apply_filters(NULL, Array)
#1 C:\Users\Ani\Local Sites\customtheme2\app\public\wp-includes\plugin.php(517): WP_Hook->do_action(Array)
#2 C:\Users\Ani\Local Sites\customtheme2\app\public\wp-includes\class-wp-customize-manager.php(942): do_action('customize_regis...', Object(WP_Customize_Manager))
#3 C:\Users\Ani\Local Sites\customtheme2\app\public\wp-includes\class-wp-hook.php(324): WP_Customize_Manager->wp_loaded('')
#4 C:\Users\Ani\Local Sites\customtheme2\app\public\wp-includes\class-wp-hook.php(348): WP_Hook->apply_filters(NULL, Array)
#5 C:\Users\Ani\Local Sites\customtheme2\app\public\wp-includes\plugin.php(517): WP_Hook->do_action(Array)
#6 C:\Users\Ani\Local Sites\customtheme2\app\public\wp-settings.php(665): do_action('wp_loaded')
#7 C:\Users\Ani\Local Sites\customtheme2\app\public\wp-config.php(103): require_once('C:\\Users\\Ani\\Lo...')
#8 C:\Users\Ani\Local Sites\customtheme2\app\public\wp-load.php(50): require_once('C:\\Users\\Ani\\Lo...')
#9 C:\Users\Ani\Local Sites\customtheme2\app\public\wp-admin\admin.php(34): require_once('C:\\Users\\Ani\\Lo...')
#10 C:\Users\Ani\Local Sites\customtheme2\app\public\wp-admin\customize.php(13): require_once('C:\\Users\\Ani\\Lo...')
#11 {main}
  thrown in C:\Users\Ani\Local Sites\customtheme2\app\public\wp-includes\class-wp-hook.php on line 324
[24-Nov-2023 13:26:09 UTC] PHP Fatal error:  Uncaught TypeError: call_user_func_array(): Argument #1 ($callback) must be a valid callback, function "theme_customize-register" not found or invalid function name in C:\Users\Ani\Local Sites\customtheme2\app\public\wp-includes\class-wp-hook.php:324
Stack trace:
#0 C:\Users\Ani\Local Sites\customtheme2\app\public\wp-includes\class-wp-hook.php(348): WP_Hook->apply_filters(NULL, Array)
#1 C:\Users\Ani\Local Sites\customtheme2\app\public\wp-includes\plugin.php(517): WP_Hook->do_action(Array)
#2 C:\Users\Ani\Local Sites\customtheme2\app\public\wp-includes\class-wp-customize-manager.php(942): do_action('customize_regis...', Object(WP_Customize_Manager))
#3 C:\Users\Ani\Local Sites\customtheme2\app\public\wp-includes\class-wp-hook.php(324): WP_Customize_Manager->wp_loaded('')
#4 C:\Users\Ani\Local Sites\customtheme2\app\public\wp-includes\class-wp-hook.php(348): WP_Hook->apply_filters(NULL, Array)
#5 C:\Users\Ani\Local Sites\customtheme2\app\public\wp-includes\plugin.php(517): WP_Hook->do_action(Array)
#6 C:\Users\Ani\Local Sites\customtheme2\app\public\wp-settings.php(665): do_action('wp_loaded')
#7 C:\Users\Ani\Local Sites\customtheme2\app\public\wp-config.php(103): require_once('C:\\Users\\Ani\\Lo...')
#8 C:\Users\Ani\Local Sites\customtheme2\app\public\wp-load.php(50): require_once('C:\\Users\\Ani\\Lo...')
#9 C:\Users\Ani\Local Sites\customtheme2\app\public\wp-admin\admin.php(34): require_once('C:\\Users\\Ani\\Lo...')
#10 C:\Users\Ani\Local Sites\customtheme2\app\public\wp-admin\customize.php(13): require_once('C:\\Users\\Ani\\Lo...')
#11 {main}
  thrown in C:\Users\Ani\Local Sites\customtheme2\app\public\wp-includes\class-wp-hook.php on line 324
[24-Nov-2023 13:26:29 UTC] PHP Fatal error:  Uncaught TypeError: call_user_func_array(): Argument #1 ($callback) must be a valid callback, function "theme_customize-register" not found or invalid function name in C:\Users\Ani\Local Sites\customtheme2\app\public\wp-includes\class-wp-hook.php:324
Stack trace:
#0 C:\Users\Ani\Local Sites\customtheme2\app\public\wp-includes\class-wp-hook.php(348): WP_Hook->apply_filters(NULL, Array)
#1 C:\Users\Ani\Local Sites\customtheme2\app\public\wp-includes\plugin.php(517): WP_Hook->do_action(Array)
#2 C:\Users\Ani\Local Sites\customtheme2\app\public\wp-includes\class-wp-customize-manager.php(942): do_action('customize_regis...', Object(WP_Customize_Manager))
#3 C:\Users\Ani\Local Sites\customtheme2\app\public\wp-includes\class-wp-hook.php(324): WP_Customize_Manager->wp_loaded('')
#4 C:\Users\Ani\Local Sites\customtheme2\app\public\wp-includes\class-wp-hook.php(348): WP_Hook->apply_filters(NULL, Array)
#5 C:\Users\Ani\Local Sites\customtheme2\app\public\wp-includes\plugin.php(517): WP_Hook->do_action(Array)
#6 C:\Users\Ani\Local Sites\customtheme2\app\public\wp-settings.php(665): do_action('wp_loaded')
#7 C:\Users\Ani\Local Sites\customtheme2\app\public\wp-config.php(103): require_once('C:\\Users\\Ani\\Lo...')
#8 C:\Users\Ani\Local Sites\customtheme2\app\public\wp-load.php(50): require_once('C:\\Users\\Ani\\Lo...')
#9 C:\Users\Ani\Local Sites\customtheme2\app\public\wp-admin\admin.php(34): require_once('C:\\Users\\Ani\\Lo...')
#10 C:\Users\Ani\Local Sites\customtheme2\app\public\wp-admin\customize.php(13): require_once('C:\\Users\\Ani\\Lo...')
#11 {main}
  thrown in C:\Users\Ani\Local Sites\customtheme2\app\public\wp-includes\class-wp-hook.php on line 324
[24-Nov-2023 13:35:48 UTC] PHP Fatal error:  Uncaught TypeError: call_user_func_array(): Argument #1 ($callback) must be a valid callback, function "theme_customize-register" not found or invalid function name in C:\Users\Ani\Local Sites\customtheme2\app\public\wp-includes\class-wp-hook.php:324
Stack trace:
#0 C:\Users\Ani\Local Sites\customtheme2\app\public\wp-includes\class-wp-hook.php(348): WP_Hook->apply_filters(NULL, Array)
#1 C:\Users\Ani\Local Sites\customtheme2\app\public\wp-includes\plugin.php(517): WP_Hook->do_action(Array)
#2 C:\Users\Ani\Local Sites\customtheme2\app\public\wp-includes\class-wp-customize-manager.php(942): do_action('customize_regis...', Object(WP_Customize_Manager))
#3 C:\Users\Ani\Local Sites\customtheme2\app\public\wp-includes\class-wp-hook.php(324): WP_Customize_Manager->wp_loaded('')
#4 C:\Users\Ani\Local Sites\customtheme2\app\public\wp-includes\class-wp-hook.php(348): WP_Hook->apply_filters(NULL, Array)
#5 C:\Users\Ani\Local Sites\customtheme2\app\public\wp-includes\plugin.php(517): WP_Hook->do_action(Array)
#6 C:\Users\Ani\Local Sites\customtheme2\app\public\wp-settings.php(665): do_action('wp_loaded')
#7 C:\Users\Ani\Local Sites\customtheme2\app\public\wp-config.php(103): require_once('C:\\Users\\Ani\\Lo...')
#8 C:\Users\Ani\Local Sites\customtheme2\app\public\wp-load.php(50): require_once('C:\\Users\\Ani\\Lo...')
#9 C:\Users\Ani\Local Sites\customtheme2\app\public\wp-admin\admin.php(34): require_once('C:\\Users\\Ani\\Lo...')
#10 C:\Users\Ani\Local Sites\customtheme2\app\public\wp-admin\customize.php(13): require_once('C:\\Users\\Ani\\Lo...')
#11 {main}
  thrown in C:\Users\Ani\Local Sites\customtheme2\app\public\wp-includes\class-wp-hook.php on line 324
[24-Nov-2023 13:38:19 UTC] PHP Fatal error:  Uncaught TypeError: call_user_func_array(): Argument #1 ($callback) must be a valid callback, function "theme_customize-register" not found or invalid function name in C:\Users\Ani\Local Sites\customtheme2\app\public\wp-includes\class-wp-hook.php:324
Stack trace:
#0 C:\Users\Ani\Local Sites\customtheme2\app\public\wp-includes\class-wp-hook.php(348): WP_Hook->apply_filters(NULL, Array)
#1 C:\Users\Ani\Local Sites\customtheme2\app\public\wp-includes\plugin.php(517): WP_Hook->do_action(Array)
#2 C:\Users\Ani\Local Sites\customtheme2\app\public\wp-includes\class-wp-customize-manager.php(942): do_action('customize_regis...', Object(WP_Customize_Manager))
#3 C:\Users\Ani\Local Sites\customtheme2\app\public\wp-includes\class-wp-hook.php(324): WP_Customize_Manager->wp_loaded('')
#4 C:\Users\Ani\Local Sites\customtheme2\app\public\wp-includes\class-wp-hook.php(348): WP_Hook->apply_filters(NULL, Array)
#5 C:\Users\Ani\Local Sites\customtheme2\app\public\wp-includes\plugin.php(517): WP_Hook->do_action(Array)
#6 C:\Users\Ani\Local Sites\customtheme2\app\public\wp-settings.php(665): do_action('wp_loaded')
#7 C:\Users\Ani\Local Sites\customtheme2\app\public\wp-config.php(103): require_once('C:\\Users\\Ani\\Lo...')
#8 C:\Users\Ani\Local Sites\customtheme2\app\public\wp-load.php(50): require_once('C:\\Users\\Ani\\Lo...')
#9 C:\Users\Ani\Local Sites\customtheme2\app\public\wp-admin\admin.php(34): require_once('C:\\Users\\Ani\\Lo...')
#10 C:\Users\Ani\Local Sites\customtheme2\app\public\wp-admin\customize.php(13): require_once('C:\\Users\\Ani\\Lo...')
#11 {main}
  thrown in C:\Users\Ani\Local Sites\customtheme2\app\public\wp-includes\class-wp-hook.php on line 324
[24-Nov-2023 13:39:48 UTC] PHP Fatal error:  Uncaught TypeError: call_user_func_array(): Argument #1 ($callback) must be a valid callback, function "theme_customize-register" not found or invalid function name in C:\Users\Ani\Local Sites\customtheme2\app\public\wp-includes\class-wp-hook.php:324
Stack trace:
#0 C:\Users\Ani\Local Sites\customtheme2\app\public\wp-includes\class-wp-hook.php(348): WP_Hook->apply_filters(NULL, Array)
#1 C:\Users\Ani\Local Sites\customtheme2\app\public\wp-includes\plugin.php(517): WP_Hook->do_action(Array)
#2 C:\Users\Ani\Local Sites\customtheme2\app\public\wp-includes\class-wp-customize-manager.php(942): do_action('customize_regis...', Object(WP_Customize_Manager))
#3 C:\Users\Ani\Local Sites\customtheme2\app\public\wp-includes\class-wp-hook.php(324): WP_Customize_Manager->wp_loaded('')
#4 C:\Users\Ani\Local Sites\customtheme2\app\public\wp-includes\class-wp-hook.php(348): WP_Hook->apply_filters(NULL, Array)
#5 C:\Users\Ani\Local Sites\customtheme2\app\public\wp-includes\plugin.php(517): WP_Hook->do_action(Array)
#6 C:\Users\Ani\Local Sites\customtheme2\app\public\wp-settings.php(665): do_action('wp_loaded')
#7 C:\Users\Ani\Local Sites\customtheme2\app\public\wp-config.php(103): require_once('C:\\Users\\Ani\\Lo...')
#8 C:\Users\Ani\Local Sites\customtheme2\app\public\wp-load.php(50): require_once('C:\\Users\\Ani\\Lo...')
#9 C:\Users\Ani\Local Sites\customtheme2\app\public\wp-admin\admin.php(34): require_once('C:\\Users\\Ani\\Lo...')
#10 C:\Users\Ani\Local Sites\customtheme2\app\public\wp-admin\customize.php(13): require_once('C:\\Users\\Ani\\Lo...')
#11 {main}
  thrown in C:\Users\Ani\Local Sites\customtheme2\app\public\wp-includes\class-wp-hook.php on line 324
[24-Nov-2023 13:39:55 UTC] PHP Fatal error:  Uncaught TypeError: call_user_func_array(): Argument #1 ($callback) must be a valid callback, function "theme_customize-register" not found or invalid function name in C:\Users\Ani\Local Sites\customtheme2\app\public\wp-includes\class-wp-hook.php:324
Stack trace:
#0 C:\Users\Ani\Local Sites\customtheme2\app\public\wp-includes\class-wp-hook.php(348): WP_Hook->apply_filters(NULL, Array)
#1 C:\Users\Ani\Local Sites\customtheme2\app\public\wp-includes\plugin.php(517): WP_Hook->do_action(Array)
#2 C:\Users\Ani\Local Sites\customtheme2\app\public\wp-includes\class-wp-customize-manager.php(942): do_action('customize_regis...', Object(WP_Customize_Manager))
#3 C:\Users\Ani\Local Sites\customtheme2\app\public\wp-includes\class-wp-hook.php(324): WP_Customize_Manager->wp_loaded('')
#4 C:\Users\Ani\Local Sites\customtheme2\app\public\wp-includes\class-wp-hook.php(348): WP_Hook->apply_filters(NULL, Array)
#5 C:\Users\Ani\Local Sites\customtheme2\app\public\wp-includes\plugin.php(517): WP_Hook->do_action(Array)
#6 C:\Users\Ani\Local Sites\customtheme2\app\public\wp-settings.php(665): do_action('wp_loaded')
#7 C:\Users\Ani\Local Sites\customtheme2\app\public\wp-config.php(103): require_once('C:\\Users\\Ani\\Lo...')
#8 C:\Users\Ani\Local Sites\customtheme2\app\public\wp-load.php(50): require_once('C:\\Users\\Ani\\Lo...')
#9 C:\Users\Ani\Local Sites\customtheme2\app\public\wp-admin\admin.php(34): require_once('C:\\Users\\Ani\\Lo...')
#10 C:\Users\Ani\Local Sites\customtheme2\app\public\wp-admin\customize.php(13): require_once('C:\\Users\\Ani\\Lo...')
#11 {main}
  thrown in C:\Users\Ani\Local Sites\customtheme2\app\public\wp-includes\class-wp-hook.php on line 324
[24-Nov-2023 13:40:05 UTC] PHP Fatal error:  Uncaught TypeError: call_user_func_array(): Argument #1 ($callback) must be a valid callback, function "theme_customize-register" not found or invalid function name in C:\Users\Ani\Local Sites\customtheme2\app\public\wp-includes\class-wp-hook.php:324
Stack trace:
#0 C:\Users\Ani\Local Sites\customtheme2\app\public\wp-includes\class-wp-hook.php(348): WP_Hook->apply_filters(NULL, Array)
#1 C:\Users\Ani\Local Sites\customtheme2\app\public\wp-includes\plugin.php(517): WP_Hook->do_action(Array)
#2 C:\Users\Ani\Local Sites\customtheme2\app\public\wp-includes\class-wp-customize-manager.php(942): do_action('customize_regis...', Object(WP_Customize_Manager))
#3 C:\Users\Ani\Local Sites\customtheme2\app\public\wp-includes\class-wp-hook.php(324): WP_Customize_Manager->wp_loaded('')
#4 C:\Users\Ani\Local Sites\customtheme2\app\public\wp-includes\class-wp-hook.php(348): WP_Hook->apply_filters(NULL, Array)
#5 C:\Users\Ani\Local Sites\customtheme2\app\public\wp-includes\plugin.php(517): WP_Hook->do_action(Array)
#6 C:\Users\Ani\Local Sites\customtheme2\app\public\wp-settings.php(665): do_action('wp_loaded')
#7 C:\Users\Ani\Local Sites\customtheme2\app\public\wp-config.php(103): require_once('C:\\Users\\Ani\\Lo...')
#8 C:\Users\Ani\Local Sites\customtheme2\app\public\wp-load.php(50): require_once('C:\\Users\\Ani\\Lo...')
#9 C:\Users\Ani\Local Sites\customtheme2\app\public\wp-admin\admin.php(34): require_once('C:\\Users\\Ani\\Lo...')
#10 C:\Users\Ani\Local Sites\customtheme2\app\public\wp-admin\customize.php(13): require_once('C:\\Users\\Ani\\Lo...')
#11 {main}
  thrown in C:\Users\Ani\Local Sites\customtheme2\app\public\wp-includes\class-wp-hook.php on line 324
[24-Nov-2023 13:40:22 UTC] PHP Fatal error:  Uncaught TypeError: call_user_func_array(): Argument #1 ($callback) must be a valid callback, function "theme_customize-register" not found or invalid function name in C:\Users\Ani\Local Sites\customtheme2\app\public\wp-includes\class-wp-hook.php:324
Stack trace:
#0 C:\Users\Ani\Local Sites\customtheme2\app\public\wp-includes\class-wp-hook.php(348): WP_Hook->apply_filters(NULL, Array)
#1 C:\Users\Ani\Local Sites\customtheme2\app\public\wp-includes\plugin.php(517): WP_Hook->do_action(Array)
#2 C:\Users\Ani\Local Sites\customtheme2\app\public\wp-includes\class-wp-customize-manager.php(942): do_action('customize_regis...', Object(WP_Customize_Manager))
#3 C:\Users\Ani\Local Sites\customtheme2\app\public\wp-includes\class-wp-hook.php(324): WP_Customize_Manager->wp_loaded('')
#4 C:\Users\Ani\Local Sites\customtheme2\app\public\wp-includes\class-wp-hook.php(348): WP_Hook->apply_filters(NULL, Array)
#5 C:\Users\Ani\Local Sites\customtheme2\app\public\wp-includes\plugin.php(517): WP_Hook->do_action(Array)
#6 C:\Users\Ani\Local Sites\customtheme2\app\public\wp-settings.php(665): do_action('wp_loaded')
#7 C:\Users\Ani\Local Sites\customtheme2\app\public\wp-config.php(103): require_once('C:\\Users\\Ani\\Lo...')
#8 C:\Users\Ani\Local Sites\customtheme2\app\public\wp-load.php(50): require_once('C:\\Users\\Ani\\Lo...')
#9 C:\Users\Ani\Local Sites\customtheme2\app\public\wp-admin\admin.php(34): require_once('C:\\Users\\Ani\\Lo...')
#10 C:\Users\Ani\Local Sites\customtheme2\app\public\wp-admin\customize.php(13): require_once('C:\\Users\\Ani\\Lo...')
#11 {main}
  thrown in C:\Users\Ani\Local Sites\customtheme2\app\public\wp-includes\class-wp-hook.php on line 324
[24-Nov-2023 13:44:18 UTC] PHP Fatal error:  Uncaught TypeError: call_user_func_array(): Argument #1 ($callback) must be a valid callback, function "theme_customize-register" not found or invalid function name in C:\Users\Ani\Local Sites\customtheme2\app\public\wp-includes\class-wp-hook.php:324
Stack trace:
#0 C:\Users\Ani\Local Sites\customtheme2\app\public\wp-includes\class-wp-hook.php(348): WP_Hook->apply_filters(NULL, Array)
#1 C:\Users\Ani\Local Sites\customtheme2\app\public\wp-includes\plugin.php(517): WP_Hook->do_action(Array)
#2 C:\Users\Ani\Local Sites\customtheme2\app\public\wp-includes\class-wp-customize-manager.php(942): do_action('customize_regis...', Object(WP_Customize_Manager))
#3 C:\Users\Ani\Local Sites\customtheme2\app\public\wp-includes\class-wp-hook.php(324): WP_Customize_Manager->wp_loaded('')
#4 C:\Users\Ani\Local Sites\customtheme2\app\public\wp-includes\class-wp-hook.php(348): WP_Hook->apply_filters(NULL, Array)
#5 C:\Users\Ani\Local Sites\customtheme2\app\public\wp-includes\plugin.php(517): WP_Hook->do_action(Array)
#6 C:\Users\Ani\Local Sites\customtheme2\app\public\wp-settings.php(665): do_action('wp_loaded')
#7 C:\Users\Ani\Local Sites\customtheme2\app\public\wp-config.php(103): require_once('C:\\Users\\Ani\\Lo...')
#8 C:\Users\Ani\Local Sites\customtheme2\app\public\wp-load.php(50): require_once('C:\\Users\\Ani\\Lo...')
#9 C:\Users\Ani\Local Sites\customtheme2\app\public\wp-admin\admin.php(34): require_once('C:\\Users\\Ani\\Lo...')
#10 C:\Users\Ani\Local Sites\customtheme2\app\public\wp-admin\customize.php(13): require_once('C:\\Users\\Ani\\Lo...')
#11 {main}
  thrown in C:\Users\Ani\Local Sites\customtheme2\app\public\wp-includes\class-wp-hook.php on line 324
[24-Nov-2023 13:44:23 UTC] PHP Fatal error:  Uncaught TypeError: call_user_func_array(): Argument #1 ($callback) must be a valid callback, function "theme_customize-register" not found or invalid function name in C:\Users\Ani\Local Sites\customtheme2\app\public\wp-includes\class-wp-hook.php:324
Stack trace:
#0 C:\Users\Ani\Local Sites\customtheme2\app\public\wp-includes\class-wp-hook.php(348): WP_Hook->apply_filters(NULL, Array)
#1 C:\Users\Ani\Local Sites\customtheme2\app\public\wp-includes\plugin.php(517): WP_Hook->do_action(Array)
#2 C:\Users\Ani\Local Sites\customtheme2\app\public\wp-includes\class-wp-customize-manager.php(942): do_action('customize_regis...', Object(WP_Customize_Manager))
#3 C:\Users\Ani\Local Sites\customtheme2\app\public\wp-includes\class-wp-hook.php(324): WP_Customize_Manager->wp_loaded('')
#4 C:\Users\Ani\Local Sites\customtheme2\app\public\wp-includes\class-wp-hook.php(348): WP_Hook->apply_filters(NULL, Array)
#5 C:\Users\Ani\Local Sites\customtheme2\app\public\wp-includes\plugin.php(517): WP_Hook->do_action(Array)
#6 C:\Users\Ani\Local Sites\customtheme2\app\public\wp-settings.php(665): do_action('wp_loaded')
#7 C:\Users\Ani\Local Sites\customtheme2\app\public\wp-config.php(103): require_once('C:\\Users\\Ani\\Lo...')
#8 C:\Users\Ani\Local Sites\customtheme2\app\public\wp-load.php(50): require_once('C:\\Users\\Ani\\Lo...')
#9 C:\Users\Ani\Local Sites\customtheme2\app\public\wp-admin\admin.php(34): require_once('C:\\Users\\Ani\\Lo...')
#10 C:\Users\Ani\Local Sites\customtheme2\app\public\wp-admin\customize.php(13): require_once('C:\\Users\\Ani\\Lo...')
#11 {main}
  thrown in C:\Users\Ani\Local Sites\customtheme2\app\public\wp-includes\class-wp-hook.php on line 324
[24-Nov-2023 13:44:32 UTC] PHP Fatal error:  Uncaught TypeError: call_user_func_array(): Argument #1 ($callback) must be a valid callback, function "theme_customize-register" not found or invalid function name in C:\Users\Ani\Local Sites\customtheme2\app\public\wp-includes\class-wp-hook.php:324
Stack trace:
#0 C:\Users\Ani\Local Sites\customtheme2\app\public\wp-includes\class-wp-hook.php(348): WP_Hook->apply_filters(NULL, Array)
#1 C:\Users\Ani\Local Sites\customtheme2\app\public\wp-includes\plugin.php(517): WP_Hook->do_action(Array)
#2 C:\Users\Ani\Local Sites\customtheme2\app\public\wp-includes\class-wp-customize-manager.php(942): do_action('customize_regis...', Object(WP_Customize_Manager))
#3 C:\Users\Ani\Local Sites\customtheme2\app\public\wp-includes\class-wp-hook.php(324): WP_Customize_Manager->wp_loaded('')
#4 C:\Users\Ani\Local Sites\customtheme2\app\public\wp-includes\class-wp-hook.php(348): WP_Hook->apply_filters(NULL, Array)
#5 C:\Users\Ani\Local Sites\customtheme2\app\public\wp-includes\plugin.php(517): WP_Hook->do_action(Array)
#6 C:\Users\Ani\Local Sites\customtheme2\app\public\wp-settings.php(665): do_action('wp_loaded')
#7 C:\Users\Ani\Local Sites\customtheme2\app\public\wp-config.php(103): require_once('C:\\Users\\Ani\\Lo...')
#8 C:\Users\Ani\Local Sites\customtheme2\app\public\wp-load.php(50): require_once('C:\\Users\\Ani\\Lo...')
#9 C:\Users\Ani\Local Sites\customtheme2\app\public\wp-admin\admin.php(34): require_once('C:\\Users\\Ani\\Lo...')
#10 C:\Users\Ani\Local Sites\customtheme2\app\public\wp-admin\customize.php(13): require_once('C:\\Users\\Ani\\Lo...')
#11 {main}
  thrown in C:\Users\Ani\Local Sites\customtheme2\app\public\wp-includes\class-wp-hook.php on line 324
[24-Nov-2023 13:47:11 UTC] PHP Fatal error:  Uncaught TypeError: call_user_func_array(): Argument #1 ($callback) must be a valid callback, function "theme_customize-register" not found or invalid function name in C:\Users\Ani\Local Sites\customtheme2\app\public\wp-includes\class-wp-hook.php:324
Stack trace:
#0 C:\Users\Ani\Local Sites\customtheme2\app\public\wp-includes\class-wp-hook.php(348): WP_Hook->apply_filters(NULL, Array)
#1 C:\Users\Ani\Local Sites\customtheme2\app\public\wp-includes\plugin.php(517): WP_Hook->do_action(Array)
#2 C:\Users\Ani\Local Sites\customtheme2\app\public\wp-includes\class-wp-customize-manager.php(942): do_action('customize_regis...', Object(WP_Customize_Manager))
#3 C:\Users\Ani\Local Sites\customtheme2\app\public\wp-includes\class-wp-hook.php(324): WP_Customize_Manager->wp_loaded('')
#4 C:\Users\Ani\Local Sites\customtheme2\app\public\wp-includes\class-wp-hook.php(348): WP_Hook->apply_filters(NULL, Array)
#5 C:\Users\Ani\Local Sites\customtheme2\app\public\wp-includes\plugin.php(517): WP_Hook->do_action(Array)
#6 C:\Users\Ani\Local Sites\customtheme2\app\public\wp-settings.php(665): do_action('wp_loaded')
#7 C:\Users\Ani\Local Sites\customtheme2\app\public\wp-config.php(103): require_once('C:\\Users\\Ani\\Lo...')
#8 C:\Users\Ani\Local Sites\customtheme2\app\public\wp-load.php(50): require_once('C:\\Users\\Ani\\Lo...')
#9 C:\Users\Ani\Local Sites\customtheme2\app\public\wp-admin\admin.php(34): require_once('C:\\Users\\Ani\\Lo...')
#10 C:\Users\Ani\Local Sites\customtheme2\app\public\wp-admin\customize.php(13): require_once('C:\\Users\\Ani\\Lo...')
#11 {main}
  thrown in C:\Users\Ani\Local Sites\customtheme2\app\public\wp-includes\class-wp-hook.php on line 324
[24-Nov-2023 13:47:14 UTC] PHP Fatal error:  Uncaught TypeError: call_user_func_array(): Argument #1 ($callback) must be a valid callback, function "theme_customize-register" not found or invalid function name in C:\Users\Ani\Local Sites\customtheme2\app\public\wp-includes\class-wp-hook.php:324
Stack trace:
#0 C:\Users\Ani\Local Sites\customtheme2\app\public\wp-includes\class-wp-hook.php(348): WP_Hook->apply_filters(NULL, Array)
#1 C:\Users\Ani\Local Sites\customtheme2\app\public\wp-includes\plugin.php(517): WP_Hook->do_action(Array)
#2 C:\Users\Ani\Local Sites\customtheme2\app\public\wp-includes\class-wp-customize-manager.php(942): do_action('customize_regis...', Object(WP_Customize_Manager))
#3 C:\Users\Ani\Local Sites\customtheme2\app\public\wp-includes\class-wp-hook.php(324): WP_Customize_Manager->wp_loaded('')
#4 C:\Users\Ani\Local Sites\customtheme2\app\public\wp-includes\class-wp-hook.php(348): WP_Hook->apply_filters(NULL, Array)
#5 C:\Users\Ani\Local Sites\customtheme2\app\public\wp-includes\plugin.php(517): WP_Hook->do_action(Array)
#6 C:\Users\Ani\Local Sites\customtheme2\app\public\wp-settings.php(665): do_action('wp_loaded')
#7 C:\Users\Ani\Local Sites\customtheme2\app\public\wp-config.php(103): require_once('C:\\Users\\Ani\\Lo...')
#8 C:\Users\Ani\Local Sites\customtheme2\app\public\wp-load.php(50): require_once('C:\\Users\\Ani\\Lo...')
#9 C:\Users\Ani\Local Sites\customtheme2\app\public\wp-admin\admin.php(34): require_once('C:\\Users\\Ani\\Lo...')
#10 C:\Users\Ani\Local Sites\customtheme2\app\public\wp-admin\customize.php(13): require_once('C:\\Users\\Ani\\Lo...')
#11 {main}
  thrown in C:\Users\Ani\Local Sites\customtheme2\app\public\wp-includes\class-wp-hook.php on line 324
[24-Nov-2023 13:50:20 UTC] PHP Fatal error:  Uncaught TypeError: call_user_func_array(): Argument #1 ($callback) must be a valid callback, function "theme_customize-register" not found or invalid function name in C:\Users\Ani\Local Sites\customtheme2\app\public\wp-includes\class-wp-hook.php:324
Stack trace:
#0 C:\Users\Ani\Local Sites\customtheme2\app\public\wp-includes\class-wp-hook.php(348): WP_Hook->apply_filters(NULL, Array)
#1 C:\Users\Ani\Local Sites\customtheme2\app\public\wp-includes\plugin.php(517): WP_Hook->do_action(Array)
#2 C:\Users\Ani\Local Sites\customtheme2\app\public\wp-includes\class-wp-customize-manager.php(942): do_action('customize_regis...', Object(WP_Customize_Manager))
#3 C:\Users\Ani\Local Sites\customtheme2\app\public\wp-includes\class-wp-hook.php(324): WP_Customize_Manager->wp_loaded('')
#4 C:\Users\Ani\Local Sites\customtheme2\app\public\wp-includes\class-wp-hook.php(348): WP_Hook->apply_filters(NULL, Array)
#5 C:\Users\Ani\Local Sites\customtheme2\app\public\wp-includes\plugin.php(517): WP_Hook->do_action(Array)
#6 C:\Users\Ani\Local Sites\customtheme2\app\public\wp-settings.php(665): do_action('wp_loaded')
#7 C:\Users\Ani\Local Sites\customtheme2\app\public\wp-config.php(103): require_once('C:\\Users\\Ani\\Lo...')
#8 C:\Users\Ani\Local Sites\customtheme2\app\public\wp-load.php(50): require_once('C:\\Users\\Ani\\Lo...')
#9 C:\Users\Ani\Local Sites\customtheme2\app\public\wp-admin\admin.php(34): require_once('C:\\Users\\Ani\\Lo...')
#10 C:\Users\Ani\Local Sites\customtheme2\app\public\wp-admin\customize.php(13): require_once('C:\\Users\\Ani\\Lo...')
#11 {main}
  thrown in C:\Users\Ani\Local Sites\customtheme2\app\public\wp-includes\class-wp-hook.php on line 324
[24-Nov-2023 13:51:39 UTC] PHP Fatal error:  Uncaught Error: Call to undefined method WP_Customize_Manager::add_settings() in C:\Users\Ani\Local Sites\customtheme2\app\public\wp-content\themes\fictional-theme2\functions.php:26
Stack trace:
#0 C:\Users\Ani\Local Sites\customtheme2\app\public\wp-includes\class-wp-hook.php(324): theme_customize_register(Object(WP_Customize_Manager))
#1 C:\Users\Ani\Local Sites\customtheme2\app\public\wp-includes\class-wp-hook.php(348): WP_Hook->apply_filters(NULL, Array)
#2 C:\Users\Ani\Local Sites\customtheme2\app\public\wp-includes\plugin.php(517): WP_Hook->do_action(Array)
#3 C:\Users\Ani\Local Sites\customtheme2\app\public\wp-includes\class-wp-customize-manager.php(942): do_action('customize_regis...', Object(WP_Customize_Manager))
#4 C:\Users\Ani\Local Sites\customtheme2\app\public\wp-includes\class-wp-hook.php(324): WP_Customize_Manager->wp_loaded('')
#5 C:\Users\Ani\Local Sites\customtheme2\app\public\wp-includes\class-wp-hook.php(348): WP_Hook->apply_filters(NULL, Array)
#6 C:\Users\Ani\Local Sites\customtheme2\app\public\wp-includes\plugin.php(517): WP_Hook->do_action(Array)
#7 C:\Users\Ani\Local Sites\customtheme2\app\public\wp-settings.php(665): do_action('wp_loaded')
#8 C:\Users\Ani\Local Sites\customtheme2\app\public\wp-config.php(103): require_once('C:\\Users\\Ani\\Lo...')
#9 C:\Users\Ani\Local Sites\customtheme2\app\public\wp-load.php(50): require_once('C:\\Users\\Ani\\Lo...')
#10 C:\Users\Ani\Local Sites\customtheme2\app\public\wp-admin\admin.php(34): require_once('C:\\Users\\Ani\\Lo...')
#11 C:\Users\Ani\Local Sites\customtheme2\app\public\wp-admin\customize.php(13): require_once('C:\\Users\\Ani\\Lo...')
#12 {main}
  thrown in C:\Users\Ani\Local Sites\customtheme2\app\public\wp-content\themes\fictional-theme2\functions.php on line 26
[24-Nov-2023 13:51:39 UTC] PHP Warning:  Trying to access array offset on value of type bool in C:\Users\Ani\Local Sites\customtheme2\app\public\wp-includes\class-wp-recovery-mode-email-service.php on line 367
[24-Nov-2023 13:51:39 UTC] PHP Warning:  Trying to access array offset on value of type bool in C:\Users\Ani\Local Sites\customtheme2\app\public\wp-includes\class-wp-recovery-mode-email-service.php on line 368
[24-Nov-2023 14:03:08 UTC] PHP Fatal error:  Uncaught Error: Call to undefined method WP_Customize_Manager::add_settings() in C:\Users\Ani\Local Sites\customtheme2\app\public\wp-content\themes\fictional-theme2\functions.php:26
Stack trace:
#0 C:\Users\Ani\Local Sites\customtheme2\app\public\wp-includes\class-wp-hook.php(324): theme_customize_register(Object(WP_Customize_Manager))
#1 C:\Users\Ani\Local Sites\customtheme2\app\public\wp-includes\class-wp-hook.php(348): WP_Hook->apply_filters(NULL, Array)
#2 C:\Users\Ani\Local Sites\customtheme2\app\public\wp-includes\plugin.php(517): WP_Hook->do_action(Array)
#3 C:\Users\Ani\Local Sites\customtheme2\app\public\wp-includes\class-wp-customize-manager.php(942): do_action('customize_regis...', Object(WP_Customize_Manager))
#4 C:\Users\Ani\Local Sites\customtheme2\app\public\wp-includes\class-wp-hook.php(324): WP_Customize_Manager->wp_loaded('')
#5 C:\Users\Ani\Local Sites\customtheme2\app\public\wp-includes\class-wp-hook.php(348): WP_Hook->apply_filters(NULL, Array)
#6 C:\Users\Ani\Local Sites\customtheme2\app\public\wp-includes\plugin.php(517): WP_Hook->do_action(Array)
#7 C:\Users\Ani\Local Sites\customtheme2\app\public\wp-settings.php(665): do_action('wp_loaded')
#8 C:\Users\Ani\Local Sites\customtheme2\app\public\wp-config.php(103): require_once('C:\\Users\\Ani\\Lo...')
#9 C:\Users\Ani\Local Sites\customtheme2\app\public\wp-load.php(50): require_once('C:\\Users\\Ani\\Lo...')
#10 C:\Users\Ani\Local Sites\customtheme2\app\public\wp-admin\admin.php(34): require_once('C:\\Users\\Ani\\Lo...')
#11 C:\Users\Ani\Local Sites\customtheme2\app\public\wp-admin\customize.php(13): require_once('C:\\Users\\Ani\\Lo...')
#12 {main}
  thrown in C:\Users\Ani\Local Sites\customtheme2\app\public\wp-content\themes\fictional-theme2\functions.php on line 26
[24-Nov-2023 14:03:13 UTC] PHP Fatal error:  Uncaught Error: Call to undefined method WP_Customize_Manager::add_settings() in C:\Users\Ani\Local Sites\customtheme2\app\public\wp-content\themes\fictional-theme2\functions.php:26
Stack trace:
#0 C:\Users\Ani\Local Sites\customtheme2\app\public\wp-includes\class-wp-hook.php(324): theme_customize_register(Object(WP_Customize_Manager))
#1 C:\Users\Ani\Local Sites\customtheme2\app\public\wp-includes\class-wp-hook.php(348): WP_Hook->apply_filters(NULL, Array)
#2 C:\Users\Ani\Local Sites\customtheme2\app\public\wp-includes\plugin.php(517): WP_Hook->do_action(Array)
#3 C:\Users\Ani\Local Sites\customtheme2\app\public\wp-includes\class-wp-customize-manager.php(942): do_action('customize_regis...', Object(WP_Customize_Manager))
#4 C:\Users\Ani\Local Sites\customtheme2\app\public\wp-includes\class-wp-hook.php(324): WP_Customize_Manager->wp_loaded('')
#5 C:\Users\Ani\Local Sites\customtheme2\app\public\wp-includes\class-wp-hook.php(348): WP_Hook->apply_filters(NULL, Array)
#6 C:\Users\Ani\Local Sites\customtheme2\app\public\wp-includes\plugin.php(517): WP_Hook->do_action(Array)
#7 C:\Users\Ani\Local Sites\customtheme2\app\public\wp-settings.php(665): do_action('wp_loaded')
#8 C:\Users\Ani\Local Sites\customtheme2\app\public\wp-config.php(103): require_once('C:\\Users\\Ani\\Lo...')
#9 C:\Users\Ani\Local Sites\customtheme2\app\public\wp-load.php(50): require_once('C:\\Users\\Ani\\Lo...')
#10 C:\Users\Ani\Local Sites\customtheme2\app\public\wp-admin\admin.php(34): require_once('C:\\Users\\Ani\\Lo...')
#11 C:\Users\Ani\Local Sites\customtheme2\app\public\wp-admin\customize.php(13): require_once('C:\\Users\\Ani\\Lo...')
#12 {main}
  thrown in C:\Users\Ani\Local Sites\customtheme2\app\public\wp-content\themes\fictional-theme2\functions.php on line 26
[24-Nov-2023 14:03:19 UTC] PHP Fatal error:  Uncaught Error: Call to undefined method WP_Customize_Manager::add_settings() in C:\Users\Ani\Local Sites\customtheme2\app\public\wp-content\themes\fictional-theme2\functions.php:26
Stack trace:
#0 C:\Users\Ani\Local Sites\customtheme2\app\public\wp-includes\class-wp-hook.php(324): theme_customize_register(Object(WP_Customize_Manager))
#1 C:\Users\Ani\Local Sites\customtheme2\app\public\wp-includes\class-wp-hook.php(348): WP_Hook->apply_filters(NULL, Array)
#2 C:\Users\Ani\Local Sites\customtheme2\app\public\wp-includes\plugin.php(517): WP_Hook->do_action(Array)
#3 C:\Users\Ani\Local Sites\customtheme2\app\public\wp-includes\class-wp-customize-manager.php(942): do_action('customize_regis...', Object(WP_Customize_Manager))
#4 C:\Users\Ani\Local Sites\customtheme2\app\public\wp-includes\class-wp-hook.php(324): WP_Customize_Manager->wp_loaded('')
#5 C:\Users\Ani\Local Sites\customtheme2\app\public\wp-includes\class-wp-hook.php(348): WP_Hook->apply_filters(NULL, Array)
#6 C:\Users\Ani\Local Sites\customtheme2\app\public\wp-includes\plugin.php(517): WP_Hook->do_action(Array)
#7 C:\Users\Ani\Local Sites\customtheme2\app\public\wp-settings.php(665): do_action('wp_loaded')
#8 C:\Users\Ani\Local Sites\customtheme2\app\public\wp-config.php(103): require_once('C:\\Users\\Ani\\Lo...')
#9 C:\Users\Ani\Local Sites\customtheme2\app\public\wp-load.php(50): require_once('C:\\Users\\Ani\\Lo...')
#10 C:\Users\Ani\Local Sites\customtheme2\app\public\wp-admin\admin.php(34): require_once('C:\\Users\\Ani\\Lo...')
#11 C:\Users\Ani\Local Sites\customtheme2\app\public\wp-admin\customize.php(13): require_once('C:\\Users\\Ani\\Lo...')
#12 {main}
  thrown in C:\Users\Ani\Local Sites\customtheme2\app\public\wp-content\themes\fictional-theme2\functions.php on line 26
[24-Nov-2023 14:04:49 UTC] PHP Fatal error:  Uncaught Error: Call to undefined method WP_Customize_Manager::add_settings() in C:\Users\Ani\Local Sites\customtheme2\app\public\wp-content\themes\fictional-theme2\functions.php:26
Stack trace:
#0 C:\Users\Ani\Local Sites\customtheme2\app\public\wp-includes\class-wp-hook.php(324): theme_customize_register(Object(WP_Customize_Manager))
#1 C:\Users\Ani\Local Sites\customtheme2\app\public\wp-includes\class-wp-hook.php(348): WP_Hook->apply_filters(NULL, Array)
#2 C:\Users\Ani\Local Sites\customtheme2\app\public\wp-includes\plugin.php(517): WP_Hook->do_action(Array)
#3 C:\Users\Ani\Local Sites\customtheme2\app\public\wp-includes\class-wp-customize-manager.php(942): do_action('customize_regis...', Object(WP_Customize_Manager))
#4 C:\Users\Ani\Local Sites\customtheme2\app\public\wp-includes\class-wp-hook.php(324): WP_Customize_Manager->wp_loaded('')
#5 C:\Users\Ani\Local Sites\customtheme2\app\public\wp-includes\class-wp-hook.php(348): WP_Hook->apply_filters(NULL, Array)
#6 C:\Users\Ani\Local Sites\customtheme2\app\public\wp-includes\plugin.php(517): WP_Hook->do_action(Array)
#7 C:\Users\Ani\Local Sites\customtheme2\app\public\wp-settings.php(665): do_action('wp_loaded')
#8 C:\Users\Ani\Local Sites\customtheme2\app\public\wp-config.php(103): require_once('C:\\Users\\Ani\\Lo...')
#9 C:\Users\Ani\Local Sites\customtheme2\app\public\wp-load.php(50): require_once('C:\\Users\\Ani\\Lo...')
#10 C:\Users\Ani\Local Sites\customtheme2\app\public\wp-admin\admin.php(34): require_once('C:\\Users\\Ani\\Lo...')
#11 C:\Users\Ani\Local Sites\customtheme2\app\public\wp-admin\customize.php(13): require_once('C:\\Users\\Ani\\Lo...')
#12 {main}
  thrown in C:\Users\Ani\Local Sites\customtheme2\app\public\wp-content\themes\fictional-theme2\functions.php on line 26
[24-Nov-2023 14:05:22 UTC] PHP Warning:  Attempt to read property "title" on null in C:\Users\Ani\Local Sites\customtheme2\app\public\wp-includes\class-wp-customize-widgets.php on line 905
[24-Nov-2023 14:05:24 UTC] PHP Warning:  Attempt to read property "title" on null in C:\Users\Ani\Local Sites\customtheme2\app\public\wp-includes\class-wp-customize-widgets.php on line 905
[24-Nov-2023 14:05:29 UTC] PHP Warning:  Attempt to read property "title" on null in C:\Users\Ani\Local Sites\customtheme2\app\public\wp-includes\class-wp-customize-widgets.php on line 905
